[2021-09-29 16:14:23] local.ERROR: SQLSTATE[HY000] [1698] Access denied for user 'root'@'localhost' (SQL: select * from `menus` where `controller` is not null) {"exception":"[object] (Illuminate\\Database\\QueryException(code: 1698): SQLSTATE[HY000] [1698] Access denied for user 'root'@'localhost' (SQL: select * from `menus` where `controller` is not null) at /var/www/vhosts/vztor.in/httpdocs/strarcrest.vztor.in/vendor/laravel/framework/src/Illuminate/Database/Connection.php:669)
[stacktrace]
#0 /var/www/vhosts/vztor.in/httpdocs/strarcrest.vztor.in/vendor/laravel/framework/src/Illuminate/Database/Connection.php(629): Illuminate\\Database\\Connection->runQueryCallback()
#1 /var/www/vhosts/vztor.in/httpdocs/strarcrest.vztor.in/vendor/laravel/framework/src/Illuminate/Database/Connection.php(338): Illuminate\\Database\\Connection->run()
#2 /var/www/vhosts/vztor.in/httpdocs/strarcrest.vztor.in/vendor/laravel/framework/src/Illuminate/Database/Query/Builder.php(2159): Illuminate\\Database\\Connection->select()
#3 /var/www/vhosts/vztor.in/httpdocs/strarcrest.vztor.in/vendor/laravel/framework/src/Illuminate/Database/Query/Builder.php(2147): Illuminate\\Database\\Query\\Builder->runSelect()
#4 /var/www/vhosts/vztor.in/httpdocs/strarcrest.vztor.in/vendor/laravel/framework/src/Illuminate/Database/Query/Builder.php(2619): Illuminate\\Database\\Query\\Builder->Illuminate\\Database\\Query\\{closure}()
#5 /var/www/vhosts/vztor.in/httpdocs/strarcrest.vztor.in/vendor/laravel/framework/src/Illuminate/Database/Query/Builder.php(2148): Illuminate\\Database\\Query\\Builder->onceWithColumns()
#6 /var/www/vhosts/vztor.in/httpdocs/strarcrest.vztor.in/vendor/laravel/framework/src/Illuminate/Database/Eloquent/Builder.php(546): Illuminate\\Database\\Query\\Builder->get()
#7 /var/www/vhosts/vztor.in/httpdocs/strarcrest.vztor.in/vendor/laravel/framework/src/Illuminate/Database/Eloquent/Builder.php(530): Illuminate\\Database\\Eloquent\\Builder->getModels()
#8 /var/www/vhosts/vztor.in/httpdocs/strarcrest.vztor.in/routes/admin.php(105): Illuminate\\Database\\Eloquent\\Builder->get()
#9 /var/www/vhosts/vztor.in/httpdocs/strarcrest.vztor.in/vendor/laravel/framework/src/Illuminate/Routing/Router.php(414): Illuminate\\Routing\\RouteFileRegistrar->{closure}()
#10 /var/www/vhosts/vztor.in/httpdocs/strarcrest.vztor.in/vendor/laravel/framework/src/Illuminate/Routing/Router.php(374): Illuminate\\Routing\\Router->loadRoutes()
#11 /var/www/vhosts/vztor.in/httpdocs/strarcrest.vztor.in/vendor/laravel/framework/src/Illuminate/Support/Facades/Facade.php(261): Illuminate\\Routing\\Router->group()
#12 /var/www/vhosts/vztor.in/httpdocs/strarcrest.vztor.in/routes/admin.php(149): Illuminate\\Support\\Facades\\Facade::__callStatic()
#13 /var/www/vhosts/vztor.in/httpdocs/strarcrest.vztor.in/vendor/laravel/framework/src/Illuminate/Routing/RouteFileRegistrar.php(35): require('/var/www/vhosts...')
#14 /var/www/vhosts/vztor.in/httpdocs/strarcrest.vztor.in/vendor/laravel/framework/src/Illuminate/Routing/Router.php(416): Illuminate\\Routing\\RouteFileRegistrar->register()
#15 /var/www/vhosts/vztor.in/httpdocs/strarcrest.vztor.in/vendor/laravel/framework/src/Illuminate/Routing/Router.php(374): Illuminate\\Routing\\Router->loadRoutes()
#16 /var/www/vhosts/vztor.in/httpdocs/strarcrest.vztor.in/vendor/laravel/framework/src/Illuminate/Routing/RouteRegistrar.php(122): Illuminate\\Routing\\Router->group()
#17 /var/www/vhosts/vztor.in/httpdocs/strarcrest.vztor.in/app/Providers/RouteServiceProvider.php(487): Illuminate\\Routing\\RouteRegistrar->group()
#18 /var/www/vhosts/vztor.in/httpdocs/strarcrest.vztor.in/app/Providers/RouteServiceProvider.php(247): App\\Providers\\RouteServiceProvider->mapAdminRoutes()
#19 /var/www/vhosts/vztor.in/httpdocs/strarcrest.vztor.in/vendor/laravel/framework/src/Illuminate/Container/BoundMethod.php(36): App\\Providers\\RouteServiceProvider->map()
#20 /var/www/vhosts/vztor.in/httpdocs/strarcrest.vztor.in/vendor/laravel/framework/src/Illuminate/Container/Util.php(37): Illuminate\\Container\\BoundMethod::Illuminate\\Container\\{closure}()
#21 /var/www/vhosts/vztor.in/httpdocs/strarcrest.vztor.in/vendor/laravel/framework/src/Illuminate/Container/BoundMethod.php(93): Illuminate\\Container\\Util::unwrapIfClosure()
#22 /var/www/vhosts/vztor.in/httpdocs/strarcrest.vztor.in/vendor/laravel/framework/src/Illuminate/Container/BoundMethod.php(37): Illuminate\\Container\\BoundMethod::callBoundMethod()
#23 /var/www/vhosts/vztor.in/httpdocs/strarcrest.vztor.in/vendor/laravel/framework/src/Illuminate/Container/Container.php(590): Illuminate\\Container\\BoundMethod::call()
#24 /var/www/vhosts/vztor.in/httpdocs/strarcrest.vztor.in/vendor/laravel/framework/src/Illuminate/Foundation/Support/Providers/RouteServiceProvider.php(87): Illuminate\\Container\\Container->call()
#25 /var/www/vhosts/vztor.in/httpdocs/strarcrest.vztor.in/vendor/laravel/framework/src/Illuminate/Foundation/Support/Providers/RouteServiceProvider.php(36): Illuminate\\Foundation\\Support\\Providers\\RouteServiceProvider->loadRoutes()
#26 /var/www/vhosts/vztor.in/httpdocs/strarcrest.vztor.in/app/Providers/RouteServiceProvider.php(163): Illuminate\\Foundation\\Support\\Providers\\RouteServiceProvider->boot()
#27 /var/www/vhosts/vztor.in/httpdocs/strarcrest.vztor.in/vendor/laravel/framework/src/Illuminate/Container/BoundMethod.php(36): App\\Providers\\RouteServiceProvider->boot()
#28 /var/www/vhosts/vztor.in/httpdocs/strarcrest.vztor.in/vendor/laravel/framework/src/Illuminate/Container/Util.php(37): Illuminate\\Container\\BoundMethod::Illuminate\\Container\\{closure}()
#29 /var/www/vhosts/vztor.in/httpdocs/strarcrest.vztor.in/vendor/laravel/framework/src/Illuminate/Container/BoundMethod.php(93): Illuminate\\Container\\Util::unwrapIfClosure()
#30 /var/www/vhosts/vztor.in/httpdocs/strarcrest.vztor.in/vendor/laravel/framework/src/Illuminate/Container/BoundMethod.php(37): Illuminate\\Container\\BoundMethod::callBoundMethod()
#31 /var/www/vhosts/vztor.in/httpdocs/strarcrest.vztor.in/vendor/laravel/framework/src/Illuminate/Container/Container.php(590): Illuminate\\Container\\BoundMethod::call()
#32 /var/www/vhosts/vztor.in/httpdocs/strarcrest.vztor.in/vendor/laravel/framework/src/Illuminate/Foundation/Application.php(856): Illuminate\\Container\\Container->call()
#33 /var/www/vhosts/vztor.in/httpdocs/strarcrest.vztor.in/vendor/laravel/framework/src/Illuminate/Foundation/Application.php(839): Illuminate\\Foundation\\Application->bootProvider()
#34 [internal function]: Illuminate\\Foundation\\Application->Illuminate\\Foundation\\{closure}()
#35 /var/www/vhosts/vztor.in/httpdocs/strarcrest.vztor.in/vendor/laravel/framework/src/Illuminate/Foundation/Application.php(840): array_walk()
#36 /var/www/vhosts/vztor.in/httpdocs/strarcrest.vztor.in/vendor/laravel/framework/src/Illuminate/Foundation/Bootstrap/BootProviders.php(17): Illuminate\\Foundation\\Application->boot()
#37 /var/www/vhosts/vztor.in/httpdocs/strarcrest.vztor.in/vendor/laravel/framework/src/Illuminate/Foundation/Application.php(219): Illuminate\\Foundation\\Bootstrap\\BootProviders->bootstrap()
#38 /var/www/vhosts/vztor.in/httpdocs/strarcrest.vztor.in/vendor/laravel/framework/src/Illuminate/Foundation/Http/Kernel.php(156): Illuminate\\Foundation\\Application->bootstrapWith()
#39 /var/www/vhosts/vztor.in/httpdocs/strarcrest.vztor.in/vendor/laravel/framework/src/Illuminate/Foundation/Http/Kernel.php(140): Illuminate\\Foundation\\Http\\Kernel->bootstrap()
#40 /var/www/vhosts/vztor.in/httpdocs/strarcrest.vztor.in/vendor/laravel/framework/src/Illuminate/Foundation/Http/Kernel.php(110): Illuminate\\Foundation\\Http\\Kernel->sendRequestThroughRouter()
#41 /var/www/vhosts/vztor.in/httpdocs/strarcrest.vztor.in/public/index.php(55): Illuminate\\Foundation\\Http\\Kernel->handle()
#42 {main}

[previous exception] [object] (PDOException(code: 1698): SQLSTATE[HY000] [1698] Access denied for user 'root'@'localhost' at /var/www/vhosts/vztor.in/httpdocs/strarcrest.vztor.in/vendor/laravel/framework/src/Illuminate/Database/Connectors/Connector.php:70)
[stacktrace]
#0 /var/www/vhosts/vztor.in/httpdocs/strarcrest.vztor.in/vendor/laravel/framework/src/Illuminate/Database/Connectors/Connector.php(70): PDO->__construct()
#1 /var/www/vhosts/vztor.in/httpdocs/strarcrest.vztor.in/vendor/laravel/framework/src/Illuminate/Database/Connectors/Connector.php(46): Illuminate\\Database\\Connectors\\Connector->createPdoConnection()
#2 /var/www/vhosts/vztor.in/httpdocs/strarcrest.vztor.in/vendor/laravel/framework/src/Illuminate/Database/Connectors/MySqlConnector.php(24): Illuminate\\Database\\Connectors\\Connector->createConnection()
#3 /var/www/vhosts/vztor.in/httpdocs/strarcrest.vztor.in/vendor/laravel/framework/src/Illuminate/Database/Connectors/ConnectionFactory.php(182): Illuminate\\Database\\Connectors\\MySqlConnector->connect()
#4 [internal function]: Illuminate\\Database\\Connectors\\ConnectionFactory->Illuminate\\Database\\Connectors\\{closure}()
#5 /var/www/vhosts/vztor.in/httpdocs/strarcrest.vztor.in/vendor/laravel/framework/src/Illuminate/Database/Connection.php(924): call_user_func()
#6 /var/www/vhosts/vztor.in/httpdocs/strarcrest.vztor.in/vendor/laravel/framework/src/Illuminate/Database/Connection.php(959): Illuminate\\Database\\Connection->getPdo()
#7 /var/www/vhosts/vztor.in/httpdocs/strarcrest.vztor.in/vendor/laravel/framework/src/Illuminate/Database/Connection.php(404): Illuminate\\Database\\Connection->getReadPdo()
#8 /var/www/vhosts/vztor.in/httpdocs/strarcrest.vztor.in/vendor/laravel/framework/src/Illuminate/Database/Connection.php(330): Illuminate\\Database\\Connection->getPdoForSelect()
#9 /var/www/vhosts/vztor.in/httpdocs/strarcrest.vztor.in/vendor/laravel/framework/src/Illuminate/Database/Connection.php(662): Illuminate\\Database\\Connection->Illuminate\\Database\\{closure}()
#10 /var/www/vhosts/vztor.in/httpdocs/strarcrest.vztor.in/vendor/laravel/framework/src/Illuminate/Database/Connection.php(629): Illuminate\\Database\\Connection->runQueryCallback()
#11 /var/www/vhosts/vztor.in/httpdocs/strarcrest.vztor.in/vendor/laravel/framework/src/Illuminate/Database/Connection.php(338): Illuminate\\Database\\Connection->run()
#12 /var/www/vhosts/vztor.in/httpdocs/strarcrest.vztor.in/vendor/laravel/framework/src/Illuminate/Database/Query/Builder.php(2159): Illuminate\\Database\\Connection->select()
#13 /var/www/vhosts/vztor.in/httpdocs/strarcrest.vztor.in/vendor/laravel/framework/src/Illuminate/Database/Query/Builder.php(2147): Illuminate\\Database\\Query\\Builder->runSelect()
#14 /var/www/vhosts/vztor.in/httpdocs/strarcrest.vztor.in/vendor/laravel/framework/src/Illuminate/Database/Query/Builder.php(2619): Illuminate\\Database\\Query\\Builder->Illuminate\\Database\\Query\\{closure}()
#15 /var/www/vhosts/vztor.in/httpdocs/strarcrest.vztor.in/vendor/laravel/framework/src/Illuminate/Database/Query/Builder.php(2148): Illuminate\\Database\\Query\\Builder->onceWithColumns()
#16 /var/www/vhosts/vztor.in/httpdocs/strarcrest.vztor.in/vendor/laravel/framework/src/Illuminate/Database/Eloquent/Builder.php(546): Illuminate\\Database\\Query\\Builder->get()
#17 /var/www/vhosts/vztor.in/httpdocs/strarcrest.vztor.in/vendor/laravel/framework/src/Illuminate/Database/Eloquent/Builder.php(530): Illuminate\\Database\\Eloquent\\Builder->getModels()
#18 /var/www/vhosts/vztor.in/httpdocs/strarcrest.vztor.in/routes/admin.php(105): Illuminate\\Database\\Eloquent\\Builder->get()
#19 /var/www/vhosts/vztor.in/httpdocs/strarcrest.vztor.in/vendor/laravel/framework/src/Illuminate/Routing/Router.php(414): Illuminate\\Routing\\RouteFileRegistrar->{closure}()
#20 /var/www/vhosts/vztor.in/httpdocs/strarcrest.vztor.in/vendor/laravel/framework/src/Illuminate/Routing/Router.php(374): Illuminate\\Routing\\Router->loadRoutes()
#21 /var/www/vhosts/vztor.in/httpdocs/strarcrest.vztor.in/vendor/laravel/framework/src/Illuminate/Support/Facades/Facade.php(261): Illuminate\\Routing\\Router->group()
#22 /var/www/vhosts/vztor.in/httpdocs/strarcrest.vztor.in/routes/admin.php(149): Illuminate\\Support\\Facades\\Facade::__callStatic()
#23 /var/www/vhosts/vztor.in/httpdocs/strarcrest.vztor.in/vendor/laravel/framework/src/Illuminate/Routing/RouteFileRegistrar.php(35): require('/var/www/vhosts...')
#24 /var/www/vhosts/vztor.in/httpdocs/strarcrest.vztor.in/vendor/laravel/framework/src/Illuminate/Routing/Router.php(416): Illuminate\\Routing\\RouteFileRegistrar->register()
#25 /var/www/vhosts/vztor.in/httpdocs/strarcrest.vztor.in/vendor/laravel/framework/src/Illuminate/Routing/Router.php(374): Illuminate\\Routing\\Router->loadRoutes()
#26 /var/www/vhosts/vztor.in/httpdocs/strarcrest.vztor.in/vendor/laravel/framework/src/Illuminate/Routing/RouteRegistrar.php(122): Illuminate\\Routing\\Router->group()
#27 /var/www/vhosts/vztor.in/httpdocs/strarcrest.vztor.in/app/Providers/RouteServiceProvider.php(487): Illuminate\\Routing\\RouteRegistrar->group()
#28 /var/www/vhosts/vztor.in/httpdocs/strarcrest.vztor.in/app/Providers/RouteServiceProvider.php(247): App\\Providers\\RouteServiceProvider->mapAdminRoutes()
#29 /var/www/vhosts/vztor.in/httpdocs/strarcrest.vztor.in/vendor/laravel/framework/src/Illuminate/Container/BoundMethod.php(36): App\\Providers\\RouteServiceProvider->map()
#30 /var/www/vhosts/vztor.in/httpdocs/strarcrest.vztor.in/vendor/laravel/framework/src/Illuminate/Container/Util.php(37): Illuminate\\Container\\BoundMethod::Illuminate\\Container\\{closure}()
#31 /var/www/vhosts/vztor.in/httpdocs/strarcrest.vztor.in/vendor/laravel/framework/src/Illuminate/Container/BoundMethod.php(93): Illuminate\\Container\\Util::unwrapIfClosure()
#32 /var/www/vhosts/vztor.in/httpdocs/strarcrest.vztor.in/vendor/laravel/framework/src/Illuminate/Container/BoundMethod.php(37): Illuminate\\Container\\BoundMethod::callBoundMethod()
#33 /var/www/vhosts/vztor.in/httpdocs/strarcrest.vztor.in/vendor/laravel/framework/src/Illuminate/Container/Container.php(590): Illuminate\\Container\\BoundMethod::call()
#34 /var/www/vhosts/vztor.in/httpdocs/strarcrest.vztor.in/vendor/laravel/framework/src/Illuminate/Foundation/Support/Providers/RouteServiceProvider.php(87): Illuminate\\Container\\Container->call()
#35 /var/www/vhosts/vztor.in/httpdocs/strarcrest.vztor.in/vendor/laravel/framework/src/Illuminate/Foundation/Support/Providers/RouteServiceProvider.php(36): Illuminate\\Foundation\\Support\\Providers\\RouteServiceProvider->loadRoutes()
#36 /var/www/vhosts/vztor.in/httpdocs/strarcrest.vztor.in/app/Providers/RouteServiceProvider.php(163): Illuminate\\Foundation\\Support\\Providers\\RouteServiceProvider->boot()
#37 /var/www/vhosts/vztor.in/httpdocs/strarcrest.vztor.in/vendor/laravel/framework/src/Illuminate/Container/BoundMethod.php(36): App\\Providers\\RouteServiceProvider->boot()
#38 /var/www/vhosts/vztor.in/httpdocs/strarcrest.vztor.in/vendor/laravel/framework/src/Illuminate/Container/Util.php(37): Illuminate\\Container\\BoundMethod::Illuminate\\Container\\{closure}()
#39 /var/www/vhosts/vztor.in/httpdocs/strarcrest.vztor.in/vendor/laravel/framework/src/Illuminate/Container/BoundMethod.php(93): Illuminate\\Container\\Util::unwrapIfClosure()
#40 /var/www/vhosts/vztor.in/httpdocs/strarcrest.vztor.in/vendor/laravel/framework/src/Illuminate/Container/BoundMethod.php(37): Illuminate\\Container\\BoundMethod::callBoundMethod()
#41 /var/www/vhosts/vztor.in/httpdocs/strarcrest.vztor.in/vendor/laravel/framework/src/Illuminate/Container/Container.php(590): Illuminate\\Container\\BoundMethod::call()
#42 /var/www/vhosts/vztor.in/httpdocs/strarcrest.vztor.in/vendor/laravel/framework/src/Illuminate/Foundation/Application.php(856): Illuminate\\Container\\Container->call()
#43 /var/www/vhosts/vztor.in/httpdocs/strarcrest.vztor.in/vendor/laravel/framework/src/Illuminate/Foundation/Application.php(839): Illuminate\\Foundation\\Application->bootProvider()
#44 [internal function]: Illuminate\\Foundation\\Application->Illuminate\\Foundation\\{closure}()
#45 /var/www/vhosts/vztor.in/httpdocs/strarcrest.vztor.in/vendor/laravel/framework/src/Illuminate/Foundation/Application.php(840): array_walk()
#46 /var/www/vhosts/vztor.in/httpdocs/strarcrest.vztor.in/vendor/laravel/framework/src/Illuminate/Foundation/Bootstrap/BootProviders.php(17): Illuminate\\Foundation\\Application->boot()
#47 /var/www/vhosts/vztor.in/httpdocs/strarcrest.vztor.in/vendor/laravel/framework/src/Illuminate/Foundation/Application.php(219): Illuminate\\Foundation\\Bootstrap\\BootProviders->bootstrap()
#48 /var/www/vhosts/vztor.in/httpdocs/strarcrest.vztor.in/vendor/laravel/framework/src/Illuminate/Foundation/Http/Kernel.php(156): Illuminate\\Foundation\\Application->bootstrapWith()
#49 /var/www/vhosts/vztor.in/httpdocs/strarcrest.vztor.in/vendor/laravel/framework/src/Illuminate/Foundation/Http/Kernel.php(140): Illuminate\\Foundation\\Http\\Kernel->bootstrap()
#50 /var/www/vhosts/vztor.in/httpdocs/strarcrest.vztor.in/vendor/laravel/framework/src/Illuminate/Foundation/Http/Kernel.php(110): Illuminate\\Foundation\\Http\\Kernel->sendRequestThroughRouter()
#51 /var/www/vhosts/vztor.in/httpdocs/strarcrest.vztor.in/public/index.php(55): Illuminate\\Foundation\\Http\\Kernel->handle()
#52 {main}
"} 
[2021-09-29 16:14:46] local.ERROR: SQLSTATE[HY000] [1698] Access denied for user 'root'@'localhost' (SQL: select * from `menus` where `controller` is not null) {"exception":"[object] (Illuminate\\Database\\QueryException(code: 1698): SQLSTATE[HY000] [1698] Access denied for user 'root'@'localhost' (SQL: select * from `menus` where `controller` is not null) at /var/www/vhosts/vztor.in/httpdocs/strarcrest.vztor.in/vendor/laravel/framework/src/Illuminate/Database/Connection.php:669)
[stacktrace]
#0 /var/www/vhosts/vztor.in/httpdocs/strarcrest.vztor.in/vendor/laravel/framework/src/Illuminate/Database/Connection.php(629): Illuminate\\Database\\Connection->runQueryCallback()
#1 /var/www/vhosts/vztor.in/httpdocs/strarcrest.vztor.in/vendor/laravel/framework/src/Illuminate/Database/Connection.php(338): Illuminate\\Database\\Connection->run()
#2 /var/www/vhosts/vztor.in/httpdocs/strarcrest.vztor.in/vendor/laravel/framework/src/Illuminate/Database/Query/Builder.php(2159): Illuminate\\Database\\Connection->select()
#3 /var/www/vhosts/vztor.in/httpdocs/strarcrest.vztor.in/vendor/laravel/framework/src/Illuminate/Database/Query/Builder.php(2147): Illuminate\\Database\\Query\\Builder->runSelect()
#4 /var/www/vhosts/vztor.in/httpdocs/strarcrest.vztor.in/vendor/laravel/framework/src/Illuminate/Database/Query/Builder.php(2619): Illuminate\\Database\\Query\\Builder->Illuminate\\Database\\Query\\{closure}()
#5 /var/www/vhosts/vztor.in/httpdocs/strarcrest.vztor.in/vendor/laravel/framework/src/Illuminate/Database/Query/Builder.php(2148): Illuminate\\Database\\Query\\Builder->onceWithColumns()
#6 /var/www/vhosts/vztor.in/httpdocs/strarcrest.vztor.in/vendor/laravel/framework/src/Illuminate/Database/Eloquent/Builder.php(546): Illuminate\\Database\\Query\\Builder->get()
#7 /var/www/vhosts/vztor.in/httpdocs/strarcrest.vztor.in/vendor/laravel/framework/src/Illuminate/Database/Eloquent/Builder.php(530): Illuminate\\Database\\Eloquent\\Builder->getModels()
#8 /var/www/vhosts/vztor.in/httpdocs/strarcrest.vztor.in/routes/admin.php(105): Illuminate\\Database\\Eloquent\\Builder->get()
#9 /var/www/vhosts/vztor.in/httpdocs/strarcrest.vztor.in/vendor/laravel/framework/src/Illuminate/Routing/Router.php(414): Illuminate\\Routing\\RouteFileRegistrar->{closure}()
#10 /var/www/vhosts/vztor.in/httpdocs/strarcrest.vztor.in/vendor/laravel/framework/src/Illuminate/Routing/Router.php(374): Illuminate\\Routing\\Router->loadRoutes()
#11 /var/www/vhosts/vztor.in/httpdocs/strarcrest.vztor.in/vendor/laravel/framework/src/Illuminate/Support/Facades/Facade.php(261): Illuminate\\Routing\\Router->group()
#12 /var/www/vhosts/vztor.in/httpdocs/strarcrest.vztor.in/routes/admin.php(149): Illuminate\\Support\\Facades\\Facade::__callStatic()
#13 /var/www/vhosts/vztor.in/httpdocs/strarcrest.vztor.in/vendor/laravel/framework/src/Illuminate/Routing/RouteFileRegistrar.php(35): require('/var/www/vhosts...')
#14 /var/www/vhosts/vztor.in/httpdocs/strarcrest.vztor.in/vendor/laravel/framework/src/Illuminate/Routing/Router.php(416): Illuminate\\Routing\\RouteFileRegistrar->register()
#15 /var/www/vhosts/vztor.in/httpdocs/strarcrest.vztor.in/vendor/laravel/framework/src/Illuminate/Routing/Router.php(374): Illuminate\\Routing\\Router->loadRoutes()
#16 /var/www/vhosts/vztor.in/httpdocs/strarcrest.vztor.in/vendor/laravel/framework/src/Illuminate/Routing/RouteRegistrar.php(122): Illuminate\\Routing\\Router->group()
#17 /var/www/vhosts/vztor.in/httpdocs/strarcrest.vztor.in/app/Providers/RouteServiceProvider.php(487): Illuminate\\Routing\\RouteRegistrar->group()
#18 /var/www/vhosts/vztor.in/httpdocs/strarcrest.vztor.in/app/Providers/RouteServiceProvider.php(247): App\\Providers\\RouteServiceProvider->mapAdminRoutes()
#19 /var/www/vhosts/vztor.in/httpdocs/strarcrest.vztor.in/vendor/laravel/framework/src/Illuminate/Container/BoundMethod.php(36): App\\Providers\\RouteServiceProvider->map()
#20 /var/www/vhosts/vztor.in/httpdocs/strarcrest.vztor.in/vendor/laravel/framework/src/Illuminate/Container/Util.php(37): Illuminate\\Container\\BoundMethod::Illuminate\\Container\\{closure}()
#21 /var/www/vhosts/vztor.in/httpdocs/strarcrest.vztor.in/vendor/laravel/framework/src/Illuminate/Container/BoundMethod.php(93): Illuminate\\Container\\Util::unwrapIfClosure()
#22 /var/www/vhosts/vztor.in/httpdocs/strarcrest.vztor.in/vendor/laravel/framework/src/Illuminate/Container/BoundMethod.php(37): Illuminate\\Container\\BoundMethod::callBoundMethod()
#23 /var/www/vhosts/vztor.in/httpdocs/strarcrest.vztor.in/vendor/laravel/framework/src/Illuminate/Container/Container.php(590): Illuminate\\Container\\BoundMethod::call()
#24 /var/www/vhosts/vztor.in/httpdocs/strarcrest.vztor.in/vendor/laravel/framework/src/Illuminate/Foundation/Support/Providers/RouteServiceProvider.php(87): Illuminate\\Container\\Container->call()
#25 /var/www/vhosts/vztor.in/httpdocs/strarcrest.vztor.in/vendor/laravel/framework/src/Illuminate/Foundation/Support/Providers/RouteServiceProvider.php(36): Illuminate\\Foundation\\Support\\Providers\\RouteServiceProvider->loadRoutes()
#26 /var/www/vhosts/vztor.in/httpdocs/strarcrest.vztor.in/app/Providers/RouteServiceProvider.php(163): Illuminate\\Foundation\\Support\\Providers\\RouteServiceProvider->boot()
#27 /var/www/vhosts/vztor.in/httpdocs/strarcrest.vztor.in/vendor/laravel/framework/src/Illuminate/Container/BoundMethod.php(36): App\\Providers\\RouteServiceProvider->boot()
#28 /var/www/vhosts/vztor.in/httpdocs/strarcrest.vztor.in/vendor/laravel/framework/src/Illuminate/Container/Util.php(37): Illuminate\\Container\\BoundMethod::Illuminate\\Container\\{closure}()
#29 /var/www/vhosts/vztor.in/httpdocs/strarcrest.vztor.in/vendor/laravel/framework/src/Illuminate/Container/BoundMethod.php(93): Illuminate\\Container\\Util::unwrapIfClosure()
#30 /var/www/vhosts/vztor.in/httpdocs/strarcrest.vztor.in/vendor/laravel/framework/src/Illuminate/Container/BoundMethod.php(37): Illuminate\\Container\\BoundMethod::callBoundMethod()
#31 /var/www/vhosts/vztor.in/httpdocs/strarcrest.vztor.in/vendor/laravel/framework/src/Illuminate/Container/Container.php(590): Illuminate\\Container\\BoundMethod::call()
#32 /var/www/vhosts/vztor.in/httpdocs/strarcrest.vztor.in/vendor/laravel/framework/src/Illuminate/Foundation/Application.php(856): Illuminate\\Container\\Container->call()
#33 /var/www/vhosts/vztor.in/httpdocs/strarcrest.vztor.in/vendor/laravel/framework/src/Illuminate/Foundation/Application.php(839): Illuminate\\Foundation\\Application->bootProvider()
#34 [internal function]: Illuminate\\Foundation\\Application->Illuminate\\Foundation\\{closure}()
#35 /var/www/vhosts/vztor.in/httpdocs/strarcrest.vztor.in/vendor/laravel/framework/src/Illuminate/Foundation/Application.php(840): array_walk()
#36 /var/www/vhosts/vztor.in/httpdocs/strarcrest.vztor.in/vendor/laravel/framework/src/Illuminate/Foundation/Bootstrap/BootProviders.php(17): Illuminate\\Foundation\\Application->boot()
#37 /var/www/vhosts/vztor.in/httpdocs/strarcrest.vztor.in/vendor/laravel/framework/src/Illuminate/Foundation/Application.php(219): Illuminate\\Foundation\\Bootstrap\\BootProviders->bootstrap()
#38 /var/www/vhosts/vztor.in/httpdocs/strarcrest.vztor.in/vendor/laravel/framework/src/Illuminate/Foundation/Http/Kernel.php(156): Illuminate\\Foundation\\Application->bootstrapWith()
#39 /var/www/vhosts/vztor.in/httpdocs/strarcrest.vztor.in/vendor/laravel/framework/src/Illuminate/Foundation/Http/Kernel.php(140): Illuminate\\Foundation\\Http\\Kernel->bootstrap()
#40 /var/www/vhosts/vztor.in/httpdocs/strarcrest.vztor.in/vendor/laravel/framework/src/Illuminate/Foundation/Http/Kernel.php(110): Illuminate\\Foundation\\Http\\Kernel->sendRequestThroughRouter()
#41 /var/www/vhosts/vztor.in/httpdocs/strarcrest.vztor.in/public/index.php(55): Illuminate\\Foundation\\Http\\Kernel->handle()
#42 {main}

[previous exception] [object] (PDOException(code: 1698): SQLSTATE[HY000] [1698] Access denied for user 'root'@'localhost' at /var/www/vhosts/vztor.in/httpdocs/strarcrest.vztor.in/vendor/laravel/framework/src/Illuminate/Database/Connectors/Connector.php:70)
[stacktrace]
#0 /var/www/vhosts/vztor.in/httpdocs/strarcrest.vztor.in/vendor/laravel/framework/src/Illuminate/Database/Connectors/Connector.php(70): PDO->__construct()
#1 /var/www/vhosts/vztor.in/httpdocs/strarcrest.vztor.in/vendor/laravel/framework/src/Illuminate/Database/Connectors/Connector.php(46): Illuminate\\Database\\Connectors\\Connector->createPdoConnection()
#2 /var/www/vhosts/vztor.in/httpdocs/strarcrest.vztor.in/vendor/laravel/framework/src/Illuminate/Database/Connectors/MySqlConnector.php(24): Illuminate\\Database\\Connectors\\Connector->createConnection()
#3 /var/www/vhosts/vztor.in/httpdocs/strarcrest.vztor.in/vendor/laravel/framework/src/Illuminate/Database/Connectors/ConnectionFactory.php(182): Illuminate\\Database\\Connectors\\MySqlConnector->connect()
#4 [internal function]: Illuminate\\Database\\Connectors\\ConnectionFactory->Illuminate\\Database\\Connectors\\{closure}()
#5 /var/www/vhosts/vztor.in/httpdocs/strarcrest.vztor.in/vendor/laravel/framework/src/Illuminate/Database/Connection.php(924): call_user_func()
#6 /var/www/vhosts/vztor.in/httpdocs/strarcrest.vztor.in/vendor/laravel/framework/src/Illuminate/Database/Connection.php(959): Illuminate\\Database\\Connection->getPdo()
#7 /var/www/vhosts/vztor.in/httpdocs/strarcrest.vztor.in/vendor/laravel/framework/src/Illuminate/Database/Connection.php(404): Illuminate\\Database\\Connection->getReadPdo()
#8 /var/www/vhosts/vztor.in/httpdocs/strarcrest.vztor.in/vendor/laravel/framework/src/Illuminate/Database/Connection.php(330): Illuminate\\Database\\Connection->getPdoForSelect()
#9 /var/www/vhosts/vztor.in/httpdocs/strarcrest.vztor.in/vendor/laravel/framework/src/Illuminate/Database/Connection.php(662): Illuminate\\Database\\Connection->Illuminate\\Database\\{closure}()
#10 /var/www/vhosts/vztor.in/httpdocs/strarcrest.vztor.in/vendor/laravel/framework/src/Illuminate/Database/Connection.php(629): Illuminate\\Database\\Connection->runQueryCallback()
#11 /var/www/vhosts/vztor.in/httpdocs/strarcrest.vztor.in/vendor/laravel/framework/src/Illuminate/Database/Connection.php(338): Illuminate\\Database\\Connection->run()
#12 /var/www/vhosts/vztor.in/httpdocs/strarcrest.vztor.in/vendor/laravel/framework/src/Illuminate/Database/Query/Builder.php(2159): Illuminate\\Database\\Connection->select()
#13 /var/www/vhosts/vztor.in/httpdocs/strarcrest.vztor.in/vendor/laravel/framework/src/Illuminate/Database/Query/Builder.php(2147): Illuminate\\Database\\Query\\Builder->runSelect()
#14 /var/www/vhosts/vztor.in/httpdocs/strarcrest.vztor.in/vendor/laravel/framework/src/Illuminate/Database/Query/Builder.php(2619): Illuminate\\Database\\Query\\Builder->Illuminate\\Database\\Query\\{closure}()
#15 /var/www/vhosts/vztor.in/httpdocs/strarcrest.vztor.in/vendor/laravel/framework/src/Illuminate/Database/Query/Builder.php(2148): Illuminate\\Database\\Query\\Builder->onceWithColumns()
#16 /var/www/vhosts/vztor.in/httpdocs/strarcrest.vztor.in/vendor/laravel/framework/src/Illuminate/Database/Eloquent/Builder.php(546): Illuminate\\Database\\Query\\Builder->get()
#17 /var/www/vhosts/vztor.in/httpdocs/strarcrest.vztor.in/vendor/laravel/framework/src/Illuminate/Database/Eloquent/Builder.php(530): Illuminate\\Database\\Eloquent\\Builder->getModels()
#18 /var/www/vhosts/vztor.in/httpdocs/strarcrest.vztor.in/routes/admin.php(105): Illuminate\\Database\\Eloquent\\Builder->get()
#19 /var/www/vhosts/vztor.in/httpdocs/strarcrest.vztor.in/vendor/laravel/framework/src/Illuminate/Routing/Router.php(414): Illuminate\\Routing\\RouteFileRegistrar->{closure}()
#20 /var/www/vhosts/vztor.in/httpdocs/strarcrest.vztor.in/vendor/laravel/framework/src/Illuminate/Routing/Router.php(374): Illuminate\\Routing\\Router->loadRoutes()
#21 /var/www/vhosts/vztor.in/httpdocs/strarcrest.vztor.in/vendor/laravel/framework/src/Illuminate/Support/Facades/Facade.php(261): Illuminate\\Routing\\Router->group()
#22 /var/www/vhosts/vztor.in/httpdocs/strarcrest.vztor.in/routes/admin.php(149): Illuminate\\Support\\Facades\\Facade::__callStatic()
#23 /var/www/vhosts/vztor.in/httpdocs/strarcrest.vztor.in/vendor/laravel/framework/src/Illuminate/Routing/RouteFileRegistrar.php(35): require('/var/www/vhosts...')
#24 /var/www/vhosts/vztor.in/httpdocs/strarcrest.vztor.in/vendor/laravel/framework/src/Illuminate/Routing/Router.php(416): Illuminate\\Routing\\RouteFileRegistrar->register()
#25 /var/www/vhosts/vztor.in/httpdocs/strarcrest.vztor.in/vendor/laravel/framework/src/Illuminate/Routing/Router.php(374): Illuminate\\Routing\\Router->loadRoutes()
#26 /var/www/vhosts/vztor.in/httpdocs/strarcrest.vztor.in/vendor/laravel/framework/src/Illuminate/Routing/RouteRegistrar.php(122): Illuminate\\Routing\\Router->group()
#27 /var/www/vhosts/vztor.in/httpdocs/strarcrest.vztor.in/app/Providers/RouteServiceProvider.php(487): Illuminate\\Routing\\RouteRegistrar->group()
#28 /var/www/vhosts/vztor.in/httpdocs/strarcrest.vztor.in/app/Providers/RouteServiceProvider.php(247): App\\Providers\\RouteServiceProvider->mapAdminRoutes()
#29 /var/www/vhosts/vztor.in/httpdocs/strarcrest.vztor.in/vendor/laravel/framework/src/Illuminate/Container/BoundMethod.php(36): App\\Providers\\RouteServiceProvider->map()
#30 /var/www/vhosts/vztor.in/httpdocs/strarcrest.vztor.in/vendor/laravel/framework/src/Illuminate/Container/Util.php(37): Illuminate\\Container\\BoundMethod::Illuminate\\Container\\{closure}()
#31 /var/www/vhosts/vztor.in/httpdocs/strarcrest.vztor.in/vendor/laravel/framework/src/Illuminate/Container/BoundMethod.php(93): Illuminate\\Container\\Util::unwrapIfClosure()
#32 /var/www/vhosts/vztor.in/httpdocs/strarcrest.vztor.in/vendor/laravel/framework/src/Illuminate/Container/BoundMethod.php(37): Illuminate\\Container\\BoundMethod::callBoundMethod()
#33 /var/www/vhosts/vztor.in/httpdocs/strarcrest.vztor.in/vendor/laravel/framework/src/Illuminate/Container/Container.php(590): Illuminate\\Container\\BoundMethod::call()
#34 /var/www/vhosts/vztor.in/httpdocs/strarcrest.vztor.in/vendor/laravel/framework/src/Illuminate/Foundation/Support/Providers/RouteServiceProvider.php(87): Illuminate\\Container\\Container->call()
#35 /var/www/vhosts/vztor.in/httpdocs/strarcrest.vztor.in/vendor/laravel/framework/src/Illuminate/Foundation/Support/Providers/RouteServiceProvider.php(36): Illuminate\\Foundation\\Support\\Providers\\RouteServiceProvider->loadRoutes()
#36 /var/www/vhosts/vztor.in/httpdocs/strarcrest.vztor.in/app/Providers/RouteServiceProvider.php(163): Illuminate\\Foundation\\Support\\Providers\\RouteServiceProvider->boot()
#37 /var/www/vhosts/vztor.in/httpdocs/strarcrest.vztor.in/vendor/laravel/framework/src/Illuminate/Container/BoundMethod.php(36): App\\Providers\\RouteServiceProvider->boot()
#38 /var/www/vhosts/vztor.in/httpdocs/strarcrest.vztor.in/vendor/laravel/framework/src/Illuminate/Container/Util.php(37): Illuminate\\Container\\BoundMethod::Illuminate\\Container\\{closure}()
#39 /var/www/vhosts/vztor.in/httpdocs/strarcrest.vztor.in/vendor/laravel/framework/src/Illuminate/Container/BoundMethod.php(93): Illuminate\\Container\\Util::unwrapIfClosure()
#40 /var/www/vhosts/vztor.in/httpdocs/strarcrest.vztor.in/vendor/laravel/framework/src/Illuminate/Container/BoundMethod.php(37): Illuminate\\Container\\BoundMethod::callBoundMethod()
#41 /var/www/vhosts/vztor.in/httpdocs/strarcrest.vztor.in/vendor/laravel/framework/src/Illuminate/Container/Container.php(590): Illuminate\\Container\\BoundMethod::call()
#42 /var/www/vhosts/vztor.in/httpdocs/strarcrest.vztor.in/vendor/laravel/framework/src/Illuminate/Foundation/Application.php(856): Illuminate\\Container\\Container->call()
#43 /var/www/vhosts/vztor.in/httpdocs/strarcrest.vztor.in/vendor/laravel/framework/src/Illuminate/Foundation/Application.php(839): Illuminate\\Foundation\\Application->bootProvider()
#44 [internal function]: Illuminate\\Foundation\\Application->Illuminate\\Foundation\\{closure}()
#45 /var/www/vhosts/vztor.in/httpdocs/strarcrest.vztor.in/vendor/laravel/framework/src/Illuminate/Foundation/Application.php(840): array_walk()
#46 /var/www/vhosts/vztor.in/httpdocs/strarcrest.vztor.in/vendor/laravel/framework/src/Illuminate/Foundation/Bootstrap/BootProviders.php(17): Illuminate\\Foundation\\Application->boot()
#47 /var/www/vhosts/vztor.in/httpdocs/strarcrest.vztor.in/vendor/laravel/framework/src/Illuminate/Foundation/Application.php(219): Illuminate\\Foundation\\Bootstrap\\BootProviders->bootstrap()
#48 /var/www/vhosts/vztor.in/httpdocs/strarcrest.vztor.in/vendor/laravel/framework/src/Illuminate/Foundation/Http/Kernel.php(156): Illuminate\\Foundation\\Application->bootstrapWith()
#49 /var/www/vhosts/vztor.in/httpdocs/strarcrest.vztor.in/vendor/laravel/framework/src/Illuminate/Foundation/Http/Kernel.php(140): Illuminate\\Foundation\\Http\\Kernel->bootstrap()
#50 /var/www/vhosts/vztor.in/httpdocs/strarcrest.vztor.in/vendor/laravel/framework/src/Illuminate/Foundation/Http/Kernel.php(110): Illuminate\\Foundation\\Http\\Kernel->sendRequestThroughRouter()
#51 /var/www/vhosts/vztor.in/httpdocs/strarcrest.vztor.in/public/index.php(55): Illuminate\\Foundation\\Http\\Kernel->handle()
#52 {main}
"} 
[2021-09-29 16:15:10] local.ERROR: SQLSTATE[HY000] [1698] Access denied for user 'root'@'localhost' (SQL: select * from `menus` where `controller` is not null) {"exception":"[object] (Illuminate\\Database\\QueryException(code: 1698): SQLSTATE[HY000] [1698] Access denied for user 'root'@'localhost' (SQL: select * from `menus` where `controller` is not null) at /var/www/vhosts/vztor.in/httpdocs/strarcrest.vztor.in/vendor/laravel/framework/src/Illuminate/Database/Connection.php:669)
[stacktrace]
#0 /var/www/vhosts/vztor.in/httpdocs/strarcrest.vztor.in/vendor/laravel/framework/src/Illuminate/Database/Connection.php(629): Illuminate\\Database\\Connection->runQueryCallback()
#1 /var/www/vhosts/vztor.in/httpdocs/strarcrest.vztor.in/vendor/laravel/framework/src/Illuminate/Database/Connection.php(338): Illuminate\\Database\\Connection->run()
#2 /var/www/vhosts/vztor.in/httpdocs/strarcrest.vztor.in/vendor/laravel/framework/src/Illuminate/Database/Query/Builder.php(2159): Illuminate\\Database\\Connection->select()
#3 /var/www/vhosts/vztor.in/httpdocs/strarcrest.vztor.in/vendor/laravel/framework/src/Illuminate/Database/Query/Builder.php(2147): Illuminate\\Database\\Query\\Builder->runSelect()
#4 /var/www/vhosts/vztor.in/httpdocs/strarcrest.vztor.in/vendor/laravel/framework/src/Illuminate/Database/Query/Builder.php(2619): Illuminate\\Database\\Query\\Builder->Illuminate\\Database\\Query\\{closure}()
#5 /var/www/vhosts/vztor.in/httpdocs/strarcrest.vztor.in/vendor/laravel/framework/src/Illuminate/Database/Query/Builder.php(2148): Illuminate\\Database\\Query\\Builder->onceWithColumns()
#6 /var/www/vhosts/vztor.in/httpdocs/strarcrest.vztor.in/vendor/laravel/framework/src/Illuminate/Database/Eloquent/Builder.php(546): Illuminate\\Database\\Query\\Builder->get()
#7 /var/www/vhosts/vztor.in/httpdocs/strarcrest.vztor.in/vendor/laravel/framework/src/Illuminate/Database/Eloquent/Builder.php(530): Illuminate\\Database\\Eloquent\\Builder->getModels()
#8 /var/www/vhosts/vztor.in/httpdocs/strarcrest.vztor.in/routes/admin.php(105): Illuminate\\Database\\Eloquent\\Builder->get()
#9 /var/www/vhosts/vztor.in/httpdocs/strarcrest.vztor.in/vendor/laravel/framework/src/Illuminate/Routing/Router.php(414): Illuminate\\Routing\\RouteFileRegistrar->{closure}()
#10 /var/www/vhosts/vztor.in/httpdocs/strarcrest.vztor.in/vendor/laravel/framework/src/Illuminate/Routing/Router.php(374): Illuminate\\Routing\\Router->loadRoutes()
#11 /var/www/vhosts/vztor.in/httpdocs/strarcrest.vztor.in/vendor/laravel/framework/src/Illuminate/Support/Facades/Facade.php(261): Illuminate\\Routing\\Router->group()
#12 /var/www/vhosts/vztor.in/httpdocs/strarcrest.vztor.in/routes/admin.php(149): Illuminate\\Support\\Facades\\Facade::__callStatic()
#13 /var/www/vhosts/vztor.in/httpdocs/strarcrest.vztor.in/vendor/laravel/framework/src/Illuminate/Routing/RouteFileRegistrar.php(35): require('/var/www/vhosts...')
#14 /var/www/vhosts/vztor.in/httpdocs/strarcrest.vztor.in/vendor/laravel/framework/src/Illuminate/Routing/Router.php(416): Illuminate\\Routing\\RouteFileRegistrar->register()
#15 /var/www/vhosts/vztor.in/httpdocs/strarcrest.vztor.in/vendor/laravel/framework/src/Illuminate/Routing/Router.php(374): Illuminate\\Routing\\Router->loadRoutes()
#16 /var/www/vhosts/vztor.in/httpdocs/strarcrest.vztor.in/vendor/laravel/framework/src/Illuminate/Routing/RouteRegistrar.php(122): Illuminate\\Routing\\Router->group()
#17 /var/www/vhosts/vztor.in/httpdocs/strarcrest.vztor.in/app/Providers/RouteServiceProvider.php(487): Illuminate\\Routing\\RouteRegistrar->group()
#18 /var/www/vhosts/vztor.in/httpdocs/strarcrest.vztor.in/app/Providers/RouteServiceProvider.php(247): App\\Providers\\RouteServiceProvider->mapAdminRoutes()
#19 /var/www/vhosts/vztor.in/httpdocs/strarcrest.vztor.in/vendor/laravel/framework/src/Illuminate/Container/BoundMethod.php(36): App\\Providers\\RouteServiceProvider->map()
#20 /var/www/vhosts/vztor.in/httpdocs/strarcrest.vztor.in/vendor/laravel/framework/src/Illuminate/Container/Util.php(37): Illuminate\\Container\\BoundMethod::Illuminate\\Container\\{closure}()
#21 /var/www/vhosts/vztor.in/httpdocs/strarcrest.vztor.in/vendor/laravel/framework/src/Illuminate/Container/BoundMethod.php(93): Illuminate\\Container\\Util::unwrapIfClosure()
#22 /var/www/vhosts/vztor.in/httpdocs/strarcrest.vztor.in/vendor/laravel/framework/src/Illuminate/Container/BoundMethod.php(37): Illuminate\\Container\\BoundMethod::callBoundMethod()
#23 /var/www/vhosts/vztor.in/httpdocs/strarcrest.vztor.in/vendor/laravel/framework/src/Illuminate/Container/Container.php(590): Illuminate\\Container\\BoundMethod::call()
#24 /var/www/vhosts/vztor.in/httpdocs/strarcrest.vztor.in/vendor/laravel/framework/src/Illuminate/Foundation/Support/Providers/RouteServiceProvider.php(87): Illuminate\\Container\\Container->call()
#25 /var/www/vhosts/vztor.in/httpdocs/strarcrest.vztor.in/vendor/laravel/framework/src/Illuminate/Foundation/Support/Providers/RouteServiceProvider.php(36): Illuminate\\Foundation\\Support\\Providers\\RouteServiceProvider->loadRoutes()
#26 /var/www/vhosts/vztor.in/httpdocs/strarcrest.vztor.in/app/Providers/RouteServiceProvider.php(163): Illuminate\\Foundation\\Support\\Providers\\RouteServiceProvider->boot()
#27 /var/www/vhosts/vztor.in/httpdocs/strarcrest.vztor.in/vendor/laravel/framework/src/Illuminate/Container/BoundMethod.php(36): App\\Providers\\RouteServiceProvider->boot()
#28 /var/www/vhosts/vztor.in/httpdocs/strarcrest.vztor.in/vendor/laravel/framework/src/Illuminate/Container/Util.php(37): Illuminate\\Container\\BoundMethod::Illuminate\\Container\\{closure}()
#29 /var/www/vhosts/vztor.in/httpdocs/strarcrest.vztor.in/vendor/laravel/framework/src/Illuminate/Container/BoundMethod.php(93): Illuminate\\Container\\Util::unwrapIfClosure()
#30 /var/www/vhosts/vztor.in/httpdocs/strarcrest.vztor.in/vendor/laravel/framework/src/Illuminate/Container/BoundMethod.php(37): Illuminate\\Container\\BoundMethod::callBoundMethod()
#31 /var/www/vhosts/vztor.in/httpdocs/strarcrest.vztor.in/vendor/laravel/framework/src/Illuminate/Container/Container.php(590): Illuminate\\Container\\BoundMethod::call()
#32 /var/www/vhosts/vztor.in/httpdocs/strarcrest.vztor.in/vendor/laravel/framework/src/Illuminate/Foundation/Application.php(856): Illuminate\\Container\\Container->call()
#33 /var/www/vhosts/vztor.in/httpdocs/strarcrest.vztor.in/vendor/laravel/framework/src/Illuminate/Foundation/Application.php(839): Illuminate\\Foundation\\Application->bootProvider()
#34 [internal function]: Illuminate\\Foundation\\Application->Illuminate\\Foundation\\{closure}()
#35 /var/www/vhosts/vztor.in/httpdocs/strarcrest.vztor.in/vendor/laravel/framework/src/Illuminate/Foundation/Application.php(840): array_walk()
#36 /var/www/vhosts/vztor.in/httpdocs/strarcrest.vztor.in/vendor/laravel/framework/src/Illuminate/Foundation/Bootstrap/BootProviders.php(17): Illuminate\\Foundation\\Application->boot()
#37 /var/www/vhosts/vztor.in/httpdocs/strarcrest.vztor.in/vendor/laravel/framework/src/Illuminate/Foundation/Application.php(219): Illuminate\\Foundation\\Bootstrap\\BootProviders->bootstrap()
#38 /var/www/vhosts/vztor.in/httpdocs/strarcrest.vztor.in/vendor/laravel/framework/src/Illuminate/Foundation/Http/Kernel.php(156): Illuminate\\Foundation\\Application->bootstrapWith()
#39 /var/www/vhosts/vztor.in/httpdocs/strarcrest.vztor.in/vendor/laravel/framework/src/Illuminate/Foundation/Http/Kernel.php(140): Illuminate\\Foundation\\Http\\Kernel->bootstrap()
#40 /var/www/vhosts/vztor.in/httpdocs/strarcrest.vztor.in/vendor/laravel/framework/src/Illuminate/Foundation/Http/Kernel.php(110): Illuminate\\Foundation\\Http\\Kernel->sendRequestThroughRouter()
#41 /var/www/vhosts/vztor.in/httpdocs/strarcrest.vztor.in/public/index.php(55): Illuminate\\Foundation\\Http\\Kernel->handle()
#42 {main}

[previous exception] [object] (PDOException(code: 1698): SQLSTATE[HY000] [1698] Access denied for user 'root'@'localhost' at /var/www/vhosts/vztor.in/httpdocs/strarcrest.vztor.in/vendor/laravel/framework/src/Illuminate/Database/Connectors/Connector.php:70)
[stacktrace]
#0 /var/www/vhosts/vztor.in/httpdocs/strarcrest.vztor.in/vendor/laravel/framework/src/Illuminate/Database/Connectors/Connector.php(70): PDO->__construct()
#1 /var/www/vhosts/vztor.in/httpdocs/strarcrest.vztor.in/vendor/laravel/framework/src/Illuminate/Database/Connectors/Connector.php(46): Illuminate\\Database\\Connectors\\Connector->createPdoConnection()
#2 /var/www/vhosts/vztor.in/httpdocs/strarcrest.vztor.in/vendor/laravel/framework/src/Illuminate/Database/Connectors/MySqlConnector.php(24): Illuminate\\Database\\Connectors\\Connector->createConnection()
#3 /var/www/vhosts/vztor.in/httpdocs/strarcrest.vztor.in/vendor/laravel/framework/src/Illuminate/Database/Connectors/ConnectionFactory.php(182): Illuminate\\Database\\Connectors\\MySqlConnector->connect()
#4 [internal function]: Illuminate\\Database\\Connectors\\ConnectionFactory->Illuminate\\Database\\Connectors\\{closure}()
#5 /var/www/vhosts/vztor.in/httpdocs/strarcrest.vztor.in/vendor/laravel/framework/src/Illuminate/Database/Connection.php(924): call_user_func()
#6 /var/www/vhosts/vztor.in/httpdocs/strarcrest.vztor.in/vendor/laravel/framework/src/Illuminate/Database/Connection.php(959): Illuminate\\Database\\Connection->getPdo()
#7 /var/www/vhosts/vztor.in/httpdocs/strarcrest.vztor.in/vendor/laravel/framework/src/Illuminate/Database/Connection.php(404): Illuminate\\Database\\Connection->getReadPdo()
#8 /var/www/vhosts/vztor.in/httpdocs/strarcrest.vztor.in/vendor/laravel/framework/src/Illuminate/Database/Connection.php(330): Illuminate\\Database\\Connection->getPdoForSelect()
#9 /var/www/vhosts/vztor.in/httpdocs/strarcrest.vztor.in/vendor/laravel/framework/src/Illuminate/Database/Connection.php(662): Illuminate\\Database\\Connection->Illuminate\\Database\\{closure}()
#10 /var/www/vhosts/vztor.in/httpdocs/strarcrest.vztor.in/vendor/laravel/framework/src/Illuminate/Database/Connection.php(629): Illuminate\\Database\\Connection->runQueryCallback()
#11 /var/www/vhosts/vztor.in/httpdocs/strarcrest.vztor.in/vendor/laravel/framework/src/Illuminate/Database/Connection.php(338): Illuminate\\Database\\Connection->run()
#12 /var/www/vhosts/vztor.in/httpdocs/strarcrest.vztor.in/vendor/laravel/framework/src/Illuminate/Database/Query/Builder.php(2159): Illuminate\\Database\\Connection->select()
#13 /var/www/vhosts/vztor.in/httpdocs/strarcrest.vztor.in/vendor/laravel/framework/src/Illuminate/Database/Query/Builder.php(2147): Illuminate\\Database\\Query\\Builder->runSelect()
#14 /var/www/vhosts/vztor.in/httpdocs/strarcrest.vztor.in/vendor/laravel/framework/src/Illuminate/Database/Query/Builder.php(2619): Illuminate\\Database\\Query\\Builder->Illuminate\\Database\\Query\\{closure}()
#15 /var/www/vhosts/vztor.in/httpdocs/strarcrest.vztor.in/vendor/laravel/framework/src/Illuminate/Database/Query/Builder.php(2148): Illuminate\\Database\\Query\\Builder->onceWithColumns()
#16 /var/www/vhosts/vztor.in/httpdocs/strarcrest.vztor.in/vendor/laravel/framework/src/Illuminate/Database/Eloquent/Builder.php(546): Illuminate\\Database\\Query\\Builder->get()
#17 /var/www/vhosts/vztor.in/httpdocs/strarcrest.vztor.in/vendor/laravel/framework/src/Illuminate/Database/Eloquent/Builder.php(530): Illuminate\\Database\\Eloquent\\Builder->getModels()
#18 /var/www/vhosts/vztor.in/httpdocs/strarcrest.vztor.in/routes/admin.php(105): Illuminate\\Database\\Eloquent\\Builder->get()
#19 /var/www/vhosts/vztor.in/httpdocs/strarcrest.vztor.in/vendor/laravel/framework/src/Illuminate/Routing/Router.php(414): Illuminate\\Routing\\RouteFileRegistrar->{closure}()
#20 /var/www/vhosts/vztor.in/httpdocs/strarcrest.vztor.in/vendor/laravel/framework/src/Illuminate/Routing/Router.php(374): Illuminate\\Routing\\Router->loadRoutes()
#21 /var/www/vhosts/vztor.in/httpdocs/strarcrest.vztor.in/vendor/laravel/framework/src/Illuminate/Support/Facades/Facade.php(261): Illuminate\\Routing\\Router->group()
#22 /var/www/vhosts/vztor.in/httpdocs/strarcrest.vztor.in/routes/admin.php(149): Illuminate\\Support\\Facades\\Facade::__callStatic()
#23 /var/www/vhosts/vztor.in/httpdocs/strarcrest.vztor.in/vendor/laravel/framework/src/Illuminate/Routing/RouteFileRegistrar.php(35): require('/var/www/vhosts...')
#24 /var/www/vhosts/vztor.in/httpdocs/strarcrest.vztor.in/vendor/laravel/framework/src/Illuminate/Routing/Router.php(416): Illuminate\\Routing\\RouteFileRegistrar->register()
#25 /var/www/vhosts/vztor.in/httpdocs/strarcrest.vztor.in/vendor/laravel/framework/src/Illuminate/Routing/Router.php(374): Illuminate\\Routing\\Router->loadRoutes()
#26 /var/www/vhosts/vztor.in/httpdocs/strarcrest.vztor.in/vendor/laravel/framework/src/Illuminate/Routing/RouteRegistrar.php(122): Illuminate\\Routing\\Router->group()
#27 /var/www/vhosts/vztor.in/httpdocs/strarcrest.vztor.in/app/Providers/RouteServiceProvider.php(487): Illuminate\\Routing\\RouteRegistrar->group()
#28 /var/www/vhosts/vztor.in/httpdocs/strarcrest.vztor.in/app/Providers/RouteServiceProvider.php(247): App\\Providers\\RouteServiceProvider->mapAdminRoutes()
#29 /var/www/vhosts/vztor.in/httpdocs/strarcrest.vztor.in/vendor/laravel/framework/src/Illuminate/Container/BoundMethod.php(36): App\\Providers\\RouteServiceProvider->map()
#30 /var/www/vhosts/vztor.in/httpdocs/strarcrest.vztor.in/vendor/laravel/framework/src/Illuminate/Container/Util.php(37): Illuminate\\Container\\BoundMethod::Illuminate\\Container\\{closure}()
#31 /var/www/vhosts/vztor.in/httpdocs/strarcrest.vztor.in/vendor/laravel/framework/src/Illuminate/Container/BoundMethod.php(93): Illuminate\\Container\\Util::unwrapIfClosure()
#32 /var/www/vhosts/vztor.in/httpdocs/strarcrest.vztor.in/vendor/laravel/framework/src/Illuminate/Container/BoundMethod.php(37): Illuminate\\Container\\BoundMethod::callBoundMethod()
#33 /var/www/vhosts/vztor.in/httpdocs/strarcrest.vztor.in/vendor/laravel/framework/src/Illuminate/Container/Container.php(590): Illuminate\\Container\\BoundMethod::call()
#34 /var/www/vhosts/vztor.in/httpdocs/strarcrest.vztor.in/vendor/laravel/framework/src/Illuminate/Foundation/Support/Providers/RouteServiceProvider.php(87): Illuminate\\Container\\Container->call()
#35 /var/www/vhosts/vztor.in/httpdocs/strarcrest.vztor.in/vendor/laravel/framework/src/Illuminate/Foundation/Support/Providers/RouteServiceProvider.php(36): Illuminate\\Foundation\\Support\\Providers\\RouteServiceProvider->loadRoutes()
#36 /var/www/vhosts/vztor.in/httpdocs/strarcrest.vztor.in/app/Providers/RouteServiceProvider.php(163): Illuminate\\Foundation\\Support\\Providers\\RouteServiceProvider->boot()
#37 /var/www/vhosts/vztor.in/httpdocs/strarcrest.vztor.in/vendor/laravel/framework/src/Illuminate/Container/BoundMethod.php(36): App\\Providers\\RouteServiceProvider->boot()
#38 /var/www/vhosts/vztor.in/httpdocs/strarcrest.vztor.in/vendor/laravel/framework/src/Illuminate/Container/Util.php(37): Illuminate\\Container\\BoundMethod::Illuminate\\Container\\{closure}()
#39 /var/www/vhosts/vztor.in/httpdocs/strarcrest.vztor.in/vendor/laravel/framework/src/Illuminate/Container/BoundMethod.php(93): Illuminate\\Container\\Util::unwrapIfClosure()
#40 /var/www/vhosts/vztor.in/httpdocs/strarcrest.vztor.in/vendor/laravel/framework/src/Illuminate/Container/BoundMethod.php(37): Illuminate\\Container\\BoundMethod::callBoundMethod()
#41 /var/www/vhosts/vztor.in/httpdocs/strarcrest.vztor.in/vendor/laravel/framework/src/Illuminate/Container/Container.php(590): Illuminate\\Container\\BoundMethod::call()
#42 /var/www/vhosts/vztor.in/httpdocs/strarcrest.vztor.in/vendor/laravel/framework/src/Illuminate/Foundation/Application.php(856): Illuminate\\Container\\Container->call()
#43 /var/www/vhosts/vztor.in/httpdocs/strarcrest.vztor.in/vendor/laravel/framework/src/Illuminate/Foundation/Application.php(839): Illuminate\\Foundation\\Application->bootProvider()
#44 [internal function]: Illuminate\\Foundation\\Application->Illuminate\\Foundation\\{closure}()
#45 /var/www/vhosts/vztor.in/httpdocs/strarcrest.vztor.in/vendor/laravel/framework/src/Illuminate/Foundation/Application.php(840): array_walk()
#46 /var/www/vhosts/vztor.in/httpdocs/strarcrest.vztor.in/vendor/laravel/framework/src/Illuminate/Foundation/Bootstrap/BootProviders.php(17): Illuminate\\Foundation\\Application->boot()
#47 /var/www/vhosts/vztor.in/httpdocs/strarcrest.vztor.in/vendor/laravel/framework/src/Illuminate/Foundation/Application.php(219): Illuminate\\Foundation\\Bootstrap\\BootProviders->bootstrap()
#48 /var/www/vhosts/vztor.in/httpdocs/strarcrest.vztor.in/vendor/laravel/framework/src/Illuminate/Foundation/Http/Kernel.php(156): Illuminate\\Foundation\\Application->bootstrapWith()
#49 /var/www/vhosts/vztor.in/httpdocs/strarcrest.vztor.in/vendor/laravel/framework/src/Illuminate/Foundation/Http/Kernel.php(140): Illuminate\\Foundation\\Http\\Kernel->bootstrap()
#50 /var/www/vhosts/vztor.in/httpdocs/strarcrest.vztor.in/vendor/laravel/framework/src/Illuminate/Foundation/Http/Kernel.php(110): Illuminate\\Foundation\\Http\\Kernel->sendRequestThroughRouter()
#51 /var/www/vhosts/vztor.in/httpdocs/strarcrest.vztor.in/public/index.php(55): Illuminate\\Foundation\\Http\\Kernel->handle()
#52 {main}
"} 
[2021-09-29 16:16:34] local.ERROR: file_put_contents(F:\vms_28092021\vms\storage\framework\views/52cd77e2ee3e639fbd6346bb7d0b0d00b30f9126.php): failed to open stream: No such file or directory {"exception":"[object] (ErrorException(code: 0): file_put_contents(F:\\vms_28092021\\vms\\storage\\framework\\views/52cd77e2ee3e639fbd6346bb7d0b0d00b30f9126.php): failed to open stream: No such file or directory at /var/www/vhosts/vztor.in/httpdocs/strarcrest.vztor.in/vendor/laravel/framework/src/Illuminate/Filesystem/Filesystem.php:133)
[stacktrace]
#0 [internal function]: Illuminate\\Foundation\\Bootstrap\\HandleExceptions->handleError()
#1 /var/www/vhosts/vztor.in/httpdocs/strarcrest.vztor.in/vendor/laravel/framework/src/Illuminate/Filesystem/Filesystem.php(133): file_put_contents()
#2 /var/www/vhosts/vztor.in/httpdocs/strarcrest.vztor.in/vendor/laravel/framework/src/Illuminate/View/Compilers/BladeCompiler.php(129): Illuminate\\Filesystem\\Filesystem->put()
#3 /var/www/vhosts/vztor.in/httpdocs/strarcrest.vztor.in/vendor/laravel/framework/src/Illuminate/View/Engines/CompilerEngine.php(51): Illuminate\\View\\Compilers\\BladeCompiler->compile()
#4 /var/www/vhosts/vztor.in/httpdocs/strarcrest.vztor.in/vendor/facade/ignition/src/Views/Engines/CompilerEngine.php(36): Illuminate\\View\\Engines\\CompilerEngine->get()
#5 /var/www/vhosts/vztor.in/httpdocs/strarcrest.vztor.in/vendor/laravel/framework/src/Illuminate/View/View.php(143): Facade\\Ignition\\Views\\Engines\\CompilerEngine->get()
#6 /var/www/vhosts/vztor.in/httpdocs/strarcrest.vztor.in/vendor/laravel/framework/src/Illuminate/View/View.php(126): Illuminate\\View\\View->getContents()
#7 /var/www/vhosts/vztor.in/httpdocs/strarcrest.vztor.in/vendor/laravel/framework/src/Illuminate/View/View.php(91): Illuminate\\View\\View->renderContents()
#8 /var/www/vhosts/vztor.in/httpdocs/strarcrest.vztor.in/vendor/laravel/framework/src/Illuminate/Http/Response.php(42): Illuminate\\View\\View->render()
#9 /var/www/vhosts/vztor.in/httpdocs/strarcrest.vztor.in/vendor/symfony/http-foundation/Response.php(205): Illuminate\\Http\\Response->setContent()
#10 /var/www/vhosts/vztor.in/httpdocs/strarcrest.vztor.in/vendor/laravel/framework/src/Illuminate/Routing/ResponseFactory.php(55): Symfony\\Component\\HttpFoundation\\Response->__construct()
#11 /var/www/vhosts/vztor.in/httpdocs/strarcrest.vztor.in/vendor/laravel/framework/src/Illuminate/Routing/ResponseFactory.php(85): Illuminate\\Routing\\ResponseFactory->make()
#12 /var/www/vhosts/vztor.in/httpdocs/strarcrest.vztor.in/vendor/laravel/framework/src/Illuminate/Foundation/Exceptions/Handler.php(410): Illuminate\\Routing\\ResponseFactory->view()
#13 /var/www/vhosts/vztor.in/httpdocs/strarcrest.vztor.in/vendor/laravel/framework/src/Illuminate/Foundation/Exceptions/Handler.php(315): Illuminate\\Foundation\\Exceptions\\Handler->renderHttpException()
#14 /var/www/vhosts/vztor.in/httpdocs/strarcrest.vztor.in/vendor/laravel/framework/src/Illuminate/Foundation/Exceptions/Handler.php(212): Illuminate\\Foundation\\Exceptions\\Handler->prepareResponse()
#15 /var/www/vhosts/vztor.in/httpdocs/strarcrest.vztor.in/app/Exceptions/Handler.php(145): Illuminate\\Foundation\\Exceptions\\Handler->render()
#16 /var/www/vhosts/vztor.in/httpdocs/strarcrest.vztor.in/vendor/laravel/framework/src/Illuminate/Routing/Pipeline.php(51): App\\Exceptions\\Handler->render()
#17 /var/www/vhosts/vztor.in/httpdocs/strarcrest.vztor.in/vendor/laravel/framework/src/Illuminate/Pipeline/Pipeline.php(132): Illuminate\\Routing\\Pipeline->handleException()
#18 /var/www/vhosts/vztor.in/httpdocs/strarcrest.vztor.in/vendor/fideloper/proxy/src/TrustProxies.php(57): Illuminate\\Pipeline\\Pipeline->Illuminate\\Pipeline\\{closure}()
#19 /var/www/vhosts/vztor.in/httpdocs/strarcrest.vztor.in/vendor/laravel/framework/src/Illuminate/Pipeline/Pipeline.php(171): Fideloper\\Proxy\\TrustProxies->handle()
#20 /var/www/vhosts/vztor.in/httpdocs/strarcrest.vztor.in/vendor/laravel/framework/src/Illuminate/Foundation/Http/Middleware/TransformsRequest.php(21): Illuminate\\Pipeline\\Pipeline->Illuminate\\Pipeline\\{closure}()
#21 /var/www/vhosts/vztor.in/httpdocs/strarcrest.vztor.in/vendor/laravel/framework/src/Illuminate/Pipeline/Pipeline.php(171): Illuminate\\Foundation\\Http\\Middleware\\TransformsRequest->handle()
#22 /var/www/vhosts/vztor.in/httpdocs/strarcrest.vztor.in/vendor/laravel/framework/src/Illuminate/Foundation/Http/Middleware/TransformsRequest.php(21): Illuminate\\Pipeline\\Pipeline->Illuminate\\Pipeline\\{closure}()
#23 /var/www/vhosts/vztor.in/httpdocs/strarcrest.vztor.in/vendor/laravel/framework/src/Illuminate/Pipeline/Pipeline.php(171): Illuminate\\Foundation\\Http\\Middleware\\TransformsRequest->handle()
#24 /var/www/vhosts/vztor.in/httpdocs/strarcrest.vztor.in/vendor/laravel/framework/src/Illuminate/Foundation/Http/Middleware/ValidatePostSize.php(27): Illuminate\\Pipeline\\Pipeline->Illuminate\\Pipeline\\{closure}()
#25 /var/www/vhosts/vztor.in/httpdocs/strarcrest.vztor.in/vendor/laravel/framework/src/Illuminate/Pipeline/Pipeline.php(171): Illuminate\\Foundation\\Http\\Middleware\\ValidatePostSize->handle()
#26 /var/www/vhosts/vztor.in/httpdocs/strarcrest.vztor.in/vendor/laravel/framework/src/Illuminate/Foundation/Http/Middleware/CheckForMaintenanceMode.php(63): Illuminate\\Pipeline\\Pipeline->Illuminate\\Pipeline\\{closure}()
#27 /var/www/vhosts/vztor.in/httpdocs/strarcrest.vztor.in/vendor/laravel/framework/src/Illuminate/Pipeline/Pipeline.php(171): Illuminate\\Foundation\\Http\\Middleware\\CheckForMaintenanceMode->handle()
#28 /var/www/vhosts/vztor.in/httpdocs/strarcrest.vztor.in/vendor/laravel/framework/src/Illuminate/Pipeline/Pipeline.php(105): Illuminate\\Pipeline\\Pipeline->Illuminate\\Pipeline\\{closure}()
#29 /var/www/vhosts/vztor.in/httpdocs/strarcrest.vztor.in/vendor/laravel/framework/src/Illuminate/Foundation/Http/Kernel.php(145): Illuminate\\Pipeline\\Pipeline->then()
#30 /var/www/vhosts/vztor.in/httpdocs/strarcrest.vztor.in/vendor/laravel/framework/src/Illuminate/Foundation/Http/Kernel.php(110): Illuminate\\Foundation\\Http\\Kernel->sendRequestThroughRouter()
#31 /var/www/vhosts/vztor.in/httpdocs/strarcrest.vztor.in/public/index.php(55): Illuminate\\Foundation\\Http\\Kernel->handle()
#32 {main}
"} 
[2021-09-29 16:16:42] local.ERROR: file_put_contents(F:\vms_28092021\vms\storage\framework\views/52cd77e2ee3e639fbd6346bb7d0b0d00b30f9126.php): failed to open stream: No such file or directory {"exception":"[object] (ErrorException(code: 0): file_put_contents(F:\\vms_28092021\\vms\\storage\\framework\\views/52cd77e2ee3e639fbd6346bb7d0b0d00b30f9126.php): failed to open stream: No such file or directory at /var/www/vhosts/vztor.in/httpdocs/strarcrest.vztor.in/vendor/laravel/framework/src/Illuminate/Filesystem/Filesystem.php:133)
[stacktrace]
#0 [internal function]: Illuminate\\Foundation\\Bootstrap\\HandleExceptions->handleError()
#1 /var/www/vhosts/vztor.in/httpdocs/strarcrest.vztor.in/vendor/laravel/framework/src/Illuminate/Filesystem/Filesystem.php(133): file_put_contents()
#2 /var/www/vhosts/vztor.in/httpdocs/strarcrest.vztor.in/vendor/laravel/framework/src/Illuminate/View/Compilers/BladeCompiler.php(129): Illuminate\\Filesystem\\Filesystem->put()
#3 /var/www/vhosts/vztor.in/httpdocs/strarcrest.vztor.in/vendor/laravel/framework/src/Illuminate/View/Engines/CompilerEngine.php(51): Illuminate\\View\\Compilers\\BladeCompiler->compile()
#4 /var/www/vhosts/vztor.in/httpdocs/strarcrest.vztor.in/vendor/facade/ignition/src/Views/Engines/CompilerEngine.php(36): Illuminate\\View\\Engines\\CompilerEngine->get()
#5 /var/www/vhosts/vztor.in/httpdocs/strarcrest.vztor.in/vendor/laravel/framework/src/Illuminate/View/View.php(143): Facade\\Ignition\\Views\\Engines\\CompilerEngine->get()
#6 /var/www/vhosts/vztor.in/httpdocs/strarcrest.vztor.in/vendor/laravel/framework/src/Illuminate/View/View.php(126): Illuminate\\View\\View->getContents()
#7 /var/www/vhosts/vztor.in/httpdocs/strarcrest.vztor.in/vendor/laravel/framework/src/Illuminate/View/View.php(91): Illuminate\\View\\View->renderContents()
#8 /var/www/vhosts/vztor.in/httpdocs/strarcrest.vztor.in/vendor/laravel/framework/src/Illuminate/Http/Response.php(42): Illuminate\\View\\View->render()
#9 /var/www/vhosts/vztor.in/httpdocs/strarcrest.vztor.in/vendor/symfony/http-foundation/Response.php(205): Illuminate\\Http\\Response->setContent()
#10 /var/www/vhosts/vztor.in/httpdocs/strarcrest.vztor.in/vendor/laravel/framework/src/Illuminate/Routing/ResponseFactory.php(55): Symfony\\Component\\HttpFoundation\\Response->__construct()
#11 /var/www/vhosts/vztor.in/httpdocs/strarcrest.vztor.in/vendor/laravel/framework/src/Illuminate/Routing/ResponseFactory.php(85): Illuminate\\Routing\\ResponseFactory->make()
#12 /var/www/vhosts/vztor.in/httpdocs/strarcrest.vztor.in/vendor/laravel/framework/src/Illuminate/Foundation/Exceptions/Handler.php(410): Illuminate\\Routing\\ResponseFactory->view()
#13 /var/www/vhosts/vztor.in/httpdocs/strarcrest.vztor.in/vendor/laravel/framework/src/Illuminate/Foundation/Exceptions/Handler.php(315): Illuminate\\Foundation\\Exceptions\\Handler->renderHttpException()
#14 /var/www/vhosts/vztor.in/httpdocs/strarcrest.vztor.in/vendor/laravel/framework/src/Illuminate/Foundation/Exceptions/Handler.php(212): Illuminate\\Foundation\\Exceptions\\Handler->prepareResponse()
#15 /var/www/vhosts/vztor.in/httpdocs/strarcrest.vztor.in/app/Exceptions/Handler.php(145): Illuminate\\Foundation\\Exceptions\\Handler->render()
#16 /var/www/vhosts/vztor.in/httpdocs/strarcrest.vztor.in/vendor/laravel/framework/src/Illuminate/Routing/Pipeline.php(51): App\\Exceptions\\Handler->render()
#17 /var/www/vhosts/vztor.in/httpdocs/strarcrest.vztor.in/vendor/laravel/framework/src/Illuminate/Pipeline/Pipeline.php(132): Illuminate\\Routing\\Pipeline->handleException()
#18 /var/www/vhosts/vztor.in/httpdocs/strarcrest.vztor.in/vendor/fideloper/proxy/src/TrustProxies.php(57): Illuminate\\Pipeline\\Pipeline->Illuminate\\Pipeline\\{closure}()
#19 /var/www/vhosts/vztor.in/httpdocs/strarcrest.vztor.in/vendor/laravel/framework/src/Illuminate/Pipeline/Pipeline.php(171): Fideloper\\Proxy\\TrustProxies->handle()
#20 /var/www/vhosts/vztor.in/httpdocs/strarcrest.vztor.in/vendor/laravel/framework/src/Illuminate/Foundation/Http/Middleware/TransformsRequest.php(21): Illuminate\\Pipeline\\Pipeline->Illuminate\\Pipeline\\{closure}()
#21 /var/www/vhosts/vztor.in/httpdocs/strarcrest.vztor.in/vendor/laravel/framework/src/Illuminate/Pipeline/Pipeline.php(171): Illuminate\\Foundation\\Http\\Middleware\\TransformsRequest->handle()
#22 /var/www/vhosts/vztor.in/httpdocs/strarcrest.vztor.in/vendor/laravel/framework/src/Illuminate/Foundation/Http/Middleware/TransformsRequest.php(21): Illuminate\\Pipeline\\Pipeline->Illuminate\\Pipeline\\{closure}()
#23 /var/www/vhosts/vztor.in/httpdocs/strarcrest.vztor.in/vendor/laravel/framework/src/Illuminate/Pipeline/Pipeline.php(171): Illuminate\\Foundation\\Http\\Middleware\\TransformsRequest->handle()
#24 /var/www/vhosts/vztor.in/httpdocs/strarcrest.vztor.in/vendor/laravel/framework/src/Illuminate/Foundation/Http/Middleware/ValidatePostSize.php(27): Illuminate\\Pipeline\\Pipeline->Illuminate\\Pipeline\\{closure}()
#25 /var/www/vhosts/vztor.in/httpdocs/strarcrest.vztor.in/vendor/laravel/framework/src/Illuminate/Pipeline/Pipeline.php(171): Illuminate\\Foundation\\Http\\Middleware\\ValidatePostSize->handle()
#26 /var/www/vhosts/vztor.in/httpdocs/strarcrest.vztor.in/vendor/laravel/framework/src/Illuminate/Foundation/Http/Middleware/CheckForMaintenanceMode.php(63): Illuminate\\Pipeline\\Pipeline->Illuminate\\Pipeline\\{closure}()
#27 /var/www/vhosts/vztor.in/httpdocs/strarcrest.vztor.in/vendor/laravel/framework/src/Illuminate/Pipeline/Pipeline.php(171): Illuminate\\Foundation\\Http\\Middleware\\CheckForMaintenanceMode->handle()
#28 /var/www/vhosts/vztor.in/httpdocs/strarcrest.vztor.in/vendor/laravel/framework/src/Illuminate/Pipeline/Pipeline.php(105): Illuminate\\Pipeline\\Pipeline->Illuminate\\Pipeline\\{closure}()
#29 /var/www/vhosts/vztor.in/httpdocs/strarcrest.vztor.in/vendor/laravel/framework/src/Illuminate/Foundation/Http/Kernel.php(145): Illuminate\\Pipeline\\Pipeline->then()
#30 /var/www/vhosts/vztor.in/httpdocs/strarcrest.vztor.in/vendor/laravel/framework/src/Illuminate/Foundation/Http/Kernel.php(110): Illuminate\\Foundation\\Http\\Kernel->sendRequestThroughRouter()
#31 /var/www/vhosts/vztor.in/httpdocs/strarcrest.vztor.in/public/index.php(55): Illuminate\\Foundation\\Http\\Kernel->handle()
#32 {main}
"} 
[2021-09-29 16:16:43] local.ERROR: file_put_contents(F:\vms_28092021\vms\storage\framework\views/52cd77e2ee3e639fbd6346bb7d0b0d00b30f9126.php): failed to open stream: No such file or directory {"exception":"[object] (ErrorException(code: 0): file_put_contents(F:\\vms_28092021\\vms\\storage\\framework\\views/52cd77e2ee3e639fbd6346bb7d0b0d00b30f9126.php): failed to open stream: No such file or directory at /var/www/vhosts/vztor.in/httpdocs/strarcrest.vztor.in/vendor/laravel/framework/src/Illuminate/Filesystem/Filesystem.php:133)
[stacktrace]
#0 [internal function]: Illuminate\\Foundation\\Bootstrap\\HandleExceptions->handleError()
#1 /var/www/vhosts/vztor.in/httpdocs/strarcrest.vztor.in/vendor/laravel/framework/src/Illuminate/Filesystem/Filesystem.php(133): file_put_contents()
#2 /var/www/vhosts/vztor.in/httpdocs/strarcrest.vztor.in/vendor/laravel/framework/src/Illuminate/View/Compilers/BladeCompiler.php(129): Illuminate\\Filesystem\\Filesystem->put()
#3 /var/www/vhosts/vztor.in/httpdocs/strarcrest.vztor.in/vendor/laravel/framework/src/Illuminate/View/Engines/CompilerEngine.php(51): Illuminate\\View\\Compilers\\BladeCompiler->compile()
#4 /var/www/vhosts/vztor.in/httpdocs/strarcrest.vztor.in/vendor/facade/ignition/src/Views/Engines/CompilerEngine.php(36): Illuminate\\View\\Engines\\CompilerEngine->get()
#5 /var/www/vhosts/vztor.in/httpdocs/strarcrest.vztor.in/vendor/laravel/framework/src/Illuminate/View/View.php(143): Facade\\Ignition\\Views\\Engines\\CompilerEngine->get()
#6 /var/www/vhosts/vztor.in/httpdocs/strarcrest.vztor.in/vendor/laravel/framework/src/Illuminate/View/View.php(126): Illuminate\\View\\View->getContents()
#7 /var/www/vhosts/vztor.in/httpdocs/strarcrest.vztor.in/vendor/laravel/framework/src/Illuminate/View/View.php(91): Illuminate\\View\\View->renderContents()
#8 /var/www/vhosts/vztor.in/httpdocs/strarcrest.vztor.in/vendor/laravel/framework/src/Illuminate/Http/Response.php(42): Illuminate\\View\\View->render()
#9 /var/www/vhosts/vztor.in/httpdocs/strarcrest.vztor.in/vendor/symfony/http-foundation/Response.php(205): Illuminate\\Http\\Response->setContent()
#10 /var/www/vhosts/vztor.in/httpdocs/strarcrest.vztor.in/vendor/laravel/framework/src/Illuminate/Routing/ResponseFactory.php(55): Symfony\\Component\\HttpFoundation\\Response->__construct()
#11 /var/www/vhosts/vztor.in/httpdocs/strarcrest.vztor.in/vendor/laravel/framework/src/Illuminate/Routing/ResponseFactory.php(85): Illuminate\\Routing\\ResponseFactory->make()
#12 /var/www/vhosts/vztor.in/httpdocs/strarcrest.vztor.in/vendor/laravel/framework/src/Illuminate/Foundation/Exceptions/Handler.php(410): Illuminate\\Routing\\ResponseFactory->view()
#13 /var/www/vhosts/vztor.in/httpdocs/strarcrest.vztor.in/vendor/laravel/framework/src/Illuminate/Foundation/Exceptions/Handler.php(315): Illuminate\\Foundation\\Exceptions\\Handler->renderHttpException()
#14 /var/www/vhosts/vztor.in/httpdocs/strarcrest.vztor.in/vendor/laravel/framework/src/Illuminate/Foundation/Exceptions/Handler.php(212): Illuminate\\Foundation\\Exceptions\\Handler->prepareResponse()
#15 /var/www/vhosts/vztor.in/httpdocs/strarcrest.vztor.in/app/Exceptions/Handler.php(145): Illuminate\\Foundation\\Exceptions\\Handler->render()
#16 /var/www/vhosts/vztor.in/httpdocs/strarcrest.vztor.in/vendor/laravel/framework/src/Illuminate/Routing/Pipeline.php(51): App\\Exceptions\\Handler->render()
#17 /var/www/vhosts/vztor.in/httpdocs/strarcrest.vztor.in/vendor/laravel/framework/src/Illuminate/Pipeline/Pipeline.php(132): Illuminate\\Routing\\Pipeline->handleException()
#18 /var/www/vhosts/vztor.in/httpdocs/strarcrest.vztor.in/vendor/fideloper/proxy/src/TrustProxies.php(57): Illuminate\\Pipeline\\Pipeline->Illuminate\\Pipeline\\{closure}()
#19 /var/www/vhosts/vztor.in/httpdocs/strarcrest.vztor.in/vendor/laravel/framework/src/Illuminate/Pipeline/Pipeline.php(171): Fideloper\\Proxy\\TrustProxies->handle()
#20 /var/www/vhosts/vztor.in/httpdocs/strarcrest.vztor.in/vendor/laravel/framework/src/Illuminate/Foundation/Http/Middleware/TransformsRequest.php(21): Illuminate\\Pipeline\\Pipeline->Illuminate\\Pipeline\\{closure}()
#21 /var/www/vhosts/vztor.in/httpdocs/strarcrest.vztor.in/vendor/laravel/framework/src/Illuminate/Pipeline/Pipeline.php(171): Illuminate\\Foundation\\Http\\Middleware\\TransformsRequest->handle()
#22 /var/www/vhosts/vztor.in/httpdocs/strarcrest.vztor.in/vendor/laravel/framework/src/Illuminate/Foundation/Http/Middleware/TransformsRequest.php(21): Illuminate\\Pipeline\\Pipeline->Illuminate\\Pipeline\\{closure}()
#23 /var/www/vhosts/vztor.in/httpdocs/strarcrest.vztor.in/vendor/laravel/framework/src/Illuminate/Pipeline/Pipeline.php(171): Illuminate\\Foundation\\Http\\Middleware\\TransformsRequest->handle()
#24 /var/www/vhosts/vztor.in/httpdocs/strarcrest.vztor.in/vendor/laravel/framework/src/Illuminate/Foundation/Http/Middleware/ValidatePostSize.php(27): Illuminate\\Pipeline\\Pipeline->Illuminate\\Pipeline\\{closure}()
#25 /var/www/vhosts/vztor.in/httpdocs/strarcrest.vztor.in/vendor/laravel/framework/src/Illuminate/Pipeline/Pipeline.php(171): Illuminate\\Foundation\\Http\\Middleware\\ValidatePostSize->handle()
#26 /var/www/vhosts/vztor.in/httpdocs/strarcrest.vztor.in/vendor/laravel/framework/src/Illuminate/Foundation/Http/Middleware/CheckForMaintenanceMode.php(63): Illuminate\\Pipeline\\Pipeline->Illuminate\\Pipeline\\{closure}()
#27 /var/www/vhosts/vztor.in/httpdocs/strarcrest.vztor.in/vendor/laravel/framework/src/Illuminate/Pipeline/Pipeline.php(171): Illuminate\\Foundation\\Http\\Middleware\\CheckForMaintenanceMode->handle()
#28 /var/www/vhosts/vztor.in/httpdocs/strarcrest.vztor.in/vendor/laravel/framework/src/Illuminate/Pipeline/Pipeline.php(105): Illuminate\\Pipeline\\Pipeline->Illuminate\\Pipeline\\{closure}()
#29 /var/www/vhosts/vztor.in/httpdocs/strarcrest.vztor.in/vendor/laravel/framework/src/Illuminate/Foundation/Http/Kernel.php(145): Illuminate\\Pipeline\\Pipeline->then()
#30 /var/www/vhosts/vztor.in/httpdocs/strarcrest.vztor.in/vendor/laravel/framework/src/Illuminate/Foundation/Http/Kernel.php(110): Illuminate\\Foundation\\Http\\Kernel->sendRequestThroughRouter()
#31 /var/www/vhosts/vztor.in/httpdocs/strarcrest.vztor.in/public/index.php(55): Illuminate\\Foundation\\Http\\Kernel->handle()
#32 {main}
"} 
[2021-09-29 16:16:44] local.ERROR: file_put_contents(F:\vms_28092021\vms\storage\framework\views/52cd77e2ee3e639fbd6346bb7d0b0d00b30f9126.php): failed to open stream: No such file or directory {"exception":"[object] (ErrorException(code: 0): file_put_contents(F:\\vms_28092021\\vms\\storage\\framework\\views/52cd77e2ee3e639fbd6346bb7d0b0d00b30f9126.php): failed to open stream: No such file or directory at /var/www/vhosts/vztor.in/httpdocs/strarcrest.vztor.in/vendor/laravel/framework/src/Illuminate/Filesystem/Filesystem.php:133)
[stacktrace]
#0 [internal function]: Illuminate\\Foundation\\Bootstrap\\HandleExceptions->handleError()
#1 /var/www/vhosts/vztor.in/httpdocs/strarcrest.vztor.in/vendor/laravel/framework/src/Illuminate/Filesystem/Filesystem.php(133): file_put_contents()
#2 /var/www/vhosts/vztor.in/httpdocs/strarcrest.vztor.in/vendor/laravel/framework/src/Illuminate/View/Compilers/BladeCompiler.php(129): Illuminate\\Filesystem\\Filesystem->put()
#3 /var/www/vhosts/vztor.in/httpdocs/strarcrest.vztor.in/vendor/laravel/framework/src/Illuminate/View/Engines/CompilerEngine.php(51): Illuminate\\View\\Compilers\\BladeCompiler->compile()
#4 /var/www/vhosts/vztor.in/httpdocs/strarcrest.vztor.in/vendor/facade/ignition/src/Views/Engines/CompilerEngine.php(36): Illuminate\\View\\Engines\\CompilerEngine->get()
#5 /var/www/vhosts/vztor.in/httpdocs/strarcrest.vztor.in/vendor/laravel/framework/src/Illuminate/View/View.php(143): Facade\\Ignition\\Views\\Engines\\CompilerEngine->get()
#6 /var/www/vhosts/vztor.in/httpdocs/strarcrest.vztor.in/vendor/laravel/framework/src/Illuminate/View/View.php(126): Illuminate\\View\\View->getContents()
#7 /var/www/vhosts/vztor.in/httpdocs/strarcrest.vztor.in/vendor/laravel/framework/src/Illuminate/View/View.php(91): Illuminate\\View\\View->renderContents()
#8 /var/www/vhosts/vztor.in/httpdocs/strarcrest.vztor.in/vendor/laravel/framework/src/Illuminate/Http/Response.php(42): Illuminate\\View\\View->render()
#9 /var/www/vhosts/vztor.in/httpdocs/strarcrest.vztor.in/vendor/symfony/http-foundation/Response.php(205): Illuminate\\Http\\Response->setContent()
#10 /var/www/vhosts/vztor.in/httpdocs/strarcrest.vztor.in/vendor/laravel/framework/src/Illuminate/Routing/ResponseFactory.php(55): Symfony\\Component\\HttpFoundation\\Response->__construct()
#11 /var/www/vhosts/vztor.in/httpdocs/strarcrest.vztor.in/vendor/laravel/framework/src/Illuminate/Routing/ResponseFactory.php(85): Illuminate\\Routing\\ResponseFactory->make()
#12 /var/www/vhosts/vztor.in/httpdocs/strarcrest.vztor.in/vendor/laravel/framework/src/Illuminate/Foundation/Exceptions/Handler.php(410): Illuminate\\Routing\\ResponseFactory->view()
#13 /var/www/vhosts/vztor.in/httpdocs/strarcrest.vztor.in/vendor/laravel/framework/src/Illuminate/Foundation/Exceptions/Handler.php(315): Illuminate\\Foundation\\Exceptions\\Handler->renderHttpException()
#14 /var/www/vhosts/vztor.in/httpdocs/strarcrest.vztor.in/vendor/laravel/framework/src/Illuminate/Foundation/Exceptions/Handler.php(212): Illuminate\\Foundation\\Exceptions\\Handler->prepareResponse()
#15 /var/www/vhosts/vztor.in/httpdocs/strarcrest.vztor.in/app/Exceptions/Handler.php(145): Illuminate\\Foundation\\Exceptions\\Handler->render()
#16 /var/www/vhosts/vztor.in/httpdocs/strarcrest.vztor.in/vendor/laravel/framework/src/Illuminate/Routing/Pipeline.php(51): App\\Exceptions\\Handler->render()
#17 /var/www/vhosts/vztor.in/httpdocs/strarcrest.vztor.in/vendor/laravel/framework/src/Illuminate/Pipeline/Pipeline.php(132): Illuminate\\Routing\\Pipeline->handleException()
#18 /var/www/vhosts/vztor.in/httpdocs/strarcrest.vztor.in/vendor/fideloper/proxy/src/TrustProxies.php(57): Illuminate\\Pipeline\\Pipeline->Illuminate\\Pipeline\\{closure}()
#19 /var/www/vhosts/vztor.in/httpdocs/strarcrest.vztor.in/vendor/laravel/framework/src/Illuminate/Pipeline/Pipeline.php(171): Fideloper\\Proxy\\TrustProxies->handle()
#20 /var/www/vhosts/vztor.in/httpdocs/strarcrest.vztor.in/vendor/laravel/framework/src/Illuminate/Foundation/Http/Middleware/TransformsRequest.php(21): Illuminate\\Pipeline\\Pipeline->Illuminate\\Pipeline\\{closure}()
#21 /var/www/vhosts/vztor.in/httpdocs/strarcrest.vztor.in/vendor/laravel/framework/src/Illuminate/Pipeline/Pipeline.php(171): Illuminate\\Foundation\\Http\\Middleware\\TransformsRequest->handle()
#22 /var/www/vhosts/vztor.in/httpdocs/strarcrest.vztor.in/vendor/laravel/framework/src/Illuminate/Foundation/Http/Middleware/TransformsRequest.php(21): Illuminate\\Pipeline\\Pipeline->Illuminate\\Pipeline\\{closure}()
#23 /var/www/vhosts/vztor.in/httpdocs/strarcrest.vztor.in/vendor/laravel/framework/src/Illuminate/Pipeline/Pipeline.php(171): Illuminate\\Foundation\\Http\\Middleware\\TransformsRequest->handle()
#24 /var/www/vhosts/vztor.in/httpdocs/strarcrest.vztor.in/vendor/laravel/framework/src/Illuminate/Foundation/Http/Middleware/ValidatePostSize.php(27): Illuminate\\Pipeline\\Pipeline->Illuminate\\Pipeline\\{closure}()
#25 /var/www/vhosts/vztor.in/httpdocs/strarcrest.vztor.in/vendor/laravel/framework/src/Illuminate/Pipeline/Pipeline.php(171): Illuminate\\Foundation\\Http\\Middleware\\ValidatePostSize->handle()
#26 /var/www/vhosts/vztor.in/httpdocs/strarcrest.vztor.in/vendor/laravel/framework/src/Illuminate/Foundation/Http/Middleware/CheckForMaintenanceMode.php(63): Illuminate\\Pipeline\\Pipeline->Illuminate\\Pipeline\\{closure}()
#27 /var/www/vhosts/vztor.in/httpdocs/strarcrest.vztor.in/vendor/laravel/framework/src/Illuminate/Pipeline/Pipeline.php(171): Illuminate\\Foundation\\Http\\Middleware\\CheckForMaintenanceMode->handle()
#28 /var/www/vhosts/vztor.in/httpdocs/strarcrest.vztor.in/vendor/laravel/framework/src/Illuminate/Pipeline/Pipeline.php(105): Illuminate\\Pipeline\\Pipeline->Illuminate\\Pipeline\\{closure}()
#29 /var/www/vhosts/vztor.in/httpdocs/strarcrest.vztor.in/vendor/laravel/framework/src/Illuminate/Foundation/Http/Kernel.php(145): Illuminate\\Pipeline\\Pipeline->then()
#30 /var/www/vhosts/vztor.in/httpdocs/strarcrest.vztor.in/vendor/laravel/framework/src/Illuminate/Foundation/Http/Kernel.php(110): Illuminate\\Foundation\\Http\\Kernel->sendRequestThroughRouter()
#31 /var/www/vhosts/vztor.in/httpdocs/strarcrest.vztor.in/public/index.php(55): Illuminate\\Foundation\\Http\\Kernel->handle()
#32 {main}
"} 
